<?xml version="1.0" encoding="UTF-8"?>
<testsuite xmlns:xsi="http://www.w3.org/2001/XMLSchema-instance" xsi:noNamespaceSchemaLocation="https://maven.apache.org/surefire/maven-surefire-plugin/xsd/surefire-test-report-3.0.xsd" version="3.0" name="CalculatorTest" time="0.04" tests="18" errors="0" skipped="0" failures="0">
  <properties>
    <property name="java.specification.version" value="21"/>
    <property name="sun.jnu.encoding" value="UTF-8"/>
    <property name="java.class.path" value="/home/bhumika/Documents/SPE/Calculator/target/test-classes:/home/bhumika/Documents/SPE/Calculator/target/classes:/home/bhumika/.m2/repository/junit/junit/4.13.2/junit-4.13.2.jar:/home/bhumika/.m2/repository/org/hamcrest/hamcrest-core/1.3/hamcrest-core-1.3.jar:"/>
    <property name="java.vm.vendor" value="Private Build"/>
    <property name="sun.arch.data.model" value="64"/>
    <property name="java.vendor.url" value="Unknown"/>
    <property name="os.name" value="Linux"/>
    <property name="java.vm.specification.version" value="21"/>
    <property name="sun.java.launcher" value="SUN_STANDARD"/>
    <property name="user.country" value="US"/>
    <property name="sun.boot.library.path" value="/usr/lib/jvm/java-21-openjdk-amd64/lib"/>
    <property name="sun.java.command" value="/home/bhumika/Documents/SPE/Calculator/target/surefire/surefirebooter-20240224005502270_3.jar /home/bhumika/Documents/SPE/Calculator/target/surefire 2024-02-24T00-55-02_173-jvmRun1 surefire-20240224005502270_1tmp surefire_0-20240224005502270_2tmp"/>
    <property name="jdk.debug" value="release"/>
    <property name="surefire.test.class.path" value="/home/bhumika/Documents/SPE/Calculator/target/test-classes:/home/bhumika/Documents/SPE/Calculator/target/classes:/home/bhumika/.m2/repository/junit/junit/4.13.2/junit-4.13.2.jar:/home/bhumika/.m2/repository/org/hamcrest/hamcrest-core/1.3/hamcrest-core-1.3.jar:"/>
    <property name="sun.cpu.endian" value="little"/>
    <property name="user.home" value="/home/bhumika"/>
    <property name="user.language" value="en"/>
    <property name="java.specification.vendor" value="Oracle Corporation"/>
    <property name="java.version.date" value="2023-10-17"/>
    <property name="java.home" value="/usr/lib/jvm/java-21-openjdk-amd64"/>
    <property name="file.separator" value="/"/>
    <property name="basedir" value="/home/bhumika/Documents/SPE/Calculator"/>
    <property name="java.vm.compressedOopsMode" value="Zero based"/>
    <property name="line.separator" value="&#10;"/>
    <property name="java.specification.name" value="Java Platform API Specification"/>
    <property name="java.vm.specification.vendor" value="Oracle Corporation"/>
    <property name="surefire.real.class.path" value="/home/bhumika/Documents/SPE/Calculator/target/surefire/surefirebooter-20240224005502270_3.jar"/>
    <property name="sun.management.compiler" value="HotSpot 64-Bit Tiered Compilers"/>
    <property name="java.runtime.version" value="21.0.1+12-Ubuntu-223.10"/>
    <property name="user.name" value="bhumika"/>
    <property name="stdout.encoding" value="UTF-8"/>
    <property name="path.separator" value=":"/>
    <property name="os.version" value="6.5.0-15-generic"/>
    <property name="java.runtime.name" value="OpenJDK Runtime Environment"/>
    <property name="file.encoding" value="UTF-8"/>
    <property name="java.vm.name" value="OpenJDK 64-Bit Server VM"/>
    <property name="localRepository" value="/home/bhumika/.m2/repository"/>
    <property name="java.vendor.url.bug" value="Unknown"/>
    <property name="java.io.tmpdir" value="/tmp"/>
    <property name="idea.version" value="2023.3.3"/>
    <property name="java.version" value="21.0.1"/>
    <property name="user.dir" value="/home/bhumika/Documents/SPE/Calculator"/>
    <property name="os.arch" value="amd64"/>
    <property name="java.vm.specification.name" value="Java Virtual Machine Specification"/>
    <property name="native.encoding" value="UTF-8"/>
    <property name="java.library.path" value="/usr/java/packages/lib:/usr/lib/x86_64-linux-gnu/jni:/lib/x86_64-linux-gnu:/usr/lib/x86_64-linux-gnu:/usr/lib/jni:/lib:/usr/lib"/>
    <property name="java.vm.info" value="mixed mode, sharing"/>
    <property name="stderr.encoding" value="UTF-8"/>
    <property name="java.vendor" value="Private Build"/>
    <property name="java.vm.version" value="21.0.1+12-Ubuntu-223.10"/>
    <property name="sun.io.unicode.encoding" value="UnicodeLittle"/>
    <property name="java.class.version" value="65.0"/>
  </properties>
  <testcase name="testSquareRootNegative" classname="CalculatorTest" time="0.009">
    <system-out><![CDATA[Square Root Negative Test Passed
]]></system-out>
  </testcase>
  <testcase name="testPower" classname="CalculatorTest" time="0.0">
    <system-out><![CDATA[Power Test Passed
]]></system-out>
  </testcase>
  <testcase name="testAdditionNegative" classname="CalculatorTest" time="0.0">
    <system-out><![CDATA[Addition Negative Test Passed
]]></system-out>
  </testcase>
  <testcase name="testFactorial" classname="CalculatorTest" time="0.001">
    <system-out><![CDATA[Factorial Test Passed
]]></system-out>
  </testcase>
  <testcase name="testMultiplication" classname="CalculatorTest" time="0.0">
    <system-out><![CDATA[Multiplication Test Passed
]]></system-out>
  </testcase>
  <testcase name="testAddition" classname="CalculatorTest" time="0.0">
    <system-out><![CDATA[Addition Test Passed
]]></system-out>
  </testcase>
  <testcase name="testPowerWithZeroExponent" classname="CalculatorTest" time="0.0">
    <system-out><![CDATA[Power With Zero Exponent Test Passed
]]></system-out>
  </testcase>
  <testcase name="testPowerNegative" classname="CalculatorTest" time="0.0">
    <system-out><![CDATA[Power Negative Test Passed
]]></system-out>
  </testcase>
  <testcase name="testNaturalLog" classname="CalculatorTest" time="0.0">
    <system-out><![CDATA[Natural Log Test Passed
]]></system-out>
  </testcase>
  <testcase name="testMultiplicationNegative" classname="CalculatorTest" time="0.0">
    <system-out><![CDATA[Multiplication Negative Test Passed
]]></system-out>
  </testcase>
  <testcase name="testDivisionNegative" classname="CalculatorTest" time="0.0">
    <system-out><![CDATA[Division Negative Test Passed
]]></system-out>
  </testcase>
  <testcase name="testNaturalLogNegative" classname="CalculatorTest" time="0.0">
    <system-out><![CDATA[Natural Log Negative Test Passed
]]></system-out>
  </testcase>
  <testcase name="testSubtractionNegative" classname="CalculatorTest" time="0.001">
    <system-out><![CDATA[Subtraction Negative Test Passed
]]></system-out>
  </testcase>
  <testcase name="testDivision" classname="CalculatorTest" time="0.0">
    <system-out><![CDATA[Division Test Passed
]]></system-out>
  </testcase>
  <testcase name="testSquareRoot" classname="CalculatorTest" time="0.0">
    <system-out><![CDATA[Square Root Test Passed
]]></system-out>
  </testcase>
  <testcase name="testFactorialNegative" classname="CalculatorTest" time="0.0">
    <system-out><![CDATA[Factorial Negative Test Passed
]]></system-out>
  </testcase>
  <testcase name="testSubtraction" classname="CalculatorTest" time="0.0">
    <system-out><![CDATA[Subtraction Test Passed
]]></system-out>
  </testcase>
  <testcase name="testNaturalLogOfNonPositiveNumber" classname="CalculatorTest" time="0.0">
    <system-out><![CDATA[Cannot calculate natural log of a non-positive number. Returning 0.0
Natural Log of Non-Positive Number Test Passed
]]></system-out>
  </testcase>
</testsuite>